<?xml version="1.0" encoding="UTF-8"?>
<testng-results ignored="0" total="1" passed="1" failed="0" skipped="0">
  <reporter-output>
  </reporter-output>
  <suite started-at="2026-03-08T17:11:47 IST" name="Default suite" finished-at="2026-03-08T17:11:48 IST" duration-ms="1045">
    <groups>
    </groups>
    <test started-at="2026-03-08T17:11:47 IST" name="Default test" finished-at="2026-03-08T17:11:48 IST" duration-ms="1045">
      <class name="day6.ReadExcel">
        <test-method signature="readingData()[pri:0, instance:day6.ReadExcel@28701274]" started-at="2026-03-08T17:11:47 IST" name="readingData" finished-at="2026-03-08T17:11:48 IST" duration-ms="966" status="PASS">
          <reporter-output>
          </reporter-output>
        </test-method> <!-- readingData -->
      </class> <!-- day6.ReadExcel -->
    </test> <!-- Default test -->
  </suite> <!-- Default suite -->
</testng-results>
